<?xml version="1.0" encoding="UTF-8"?>
<testng-results ignored="0" total="1" passed="1" failed="0" skipped="0">
  <reporter-output>
  </reporter-output>
  <suite started-at="2023-10-02T17:11:08 IST" name="Suite" finished-at="2023-10-02T17:11:12 IST" duration-ms="4356">
    <groups>
    </groups>
    <test started-at="2023-10-02T17:11:08 IST" name="Test" finished-at="2023-10-02T17:11:12 IST" duration-ms="4356">
      <class name="API_First_Maven_Project.API_First_Maven_Project.SumValidations">
        <test-method signature="sumOfCourse()[pri:0, instance:API_First_Maven_Project.API_First_Maven_Project.SumValidations@1dde4cb2]" started-at="2023-10-02T17:11:08 IST" name="sumOfCourse" finished-at="2023-10-02T17:11:12 IST" duration-ms="4234" status="PASS">
          <reporter-output>
          </reporter-output>
        </test-method> <!-- sumOfCourse -->
      </class> <!-- API_First_Maven_Project.API_First_Maven_Project.SumValidations -->
    </test> <!-- Test -->
  </suite> <!-- Suite -->
</testng-results>
