<?xml version="1.0" encoding="UTF-8"?>
<testng-results ignored="0" total="7" passed="7" failed="0" skipped="0">
  <reporter-output>
  </reporter-output>
  <suite started-at="2023-10-02T22:56:59 IST" name="Suite" finished-at="2023-10-02T22:57:05 IST" duration-ms="6181">
    <groups>
    </groups>
    <test started-at="2023-10-02T22:56:59 IST" name="Test" finished-at="2023-10-02T22:57:05 IST" duration-ms="6181">
      <class name="API_First_Maven_Project.API_First_Maven_Project.DynamicJson">
        <test-method signature="addBook(java.lang.String,java.lang.String)[pri:0, instance:API_First_Maven_Project.API_First_Maven_Project.DynamicJson@6dc17b83]" started-at="2023-10-02T22:57:03 IST" name="addBook" data-provider="BooksData" finished-at="2023-10-02T22:57:04 IST" duration-ms="1862" status="PASS">
          <params>
            <param index="0">
              <value>
                <![CDATA[ojfwty]]>
              </value>
            </param>
            <param index="1">
              <value>
                <![CDATA[9363]]>
              </value>
            </param>
          </params>
          <reporter-output>
          </reporter-output>
        </test-method> <!-- addBook -->
        <test-method signature="addBook(java.lang.String,java.lang.String)[pri:0, instance:API_First_Maven_Project.API_First_Maven_Project.DynamicJson@6dc17b83]" started-at="2023-10-02T22:57:04 IST" name="addBook" data-provider="BooksData" finished-at="2023-10-02T22:57:05 IST" duration-ms="182" status="PASS">
          <params>
            <param index="0">
              <value>
                <![CDATA[cwetee]]>
              </value>
            </param>
            <param index="1">
              <value>
                <![CDATA[4253]]>
              </value>
            </param>
          </params>
          <reporter-output>
          </reporter-output>
        </test-method> <!-- addBook -->
        <test-method signature="addBook(java.lang.String,java.lang.String)[pri:0, instance:API_First_Maven_Project.API_First_Maven_Project.DynamicJson@6dc17b83]" started-at="2023-10-02T22:57:05 IST" name="addBook" data-provider="BooksData" finished-at="2023-10-02T22:57:05 IST" duration-ms="190" status="PASS">
          <params>
            <param index="0">
              <value>
                <![CDATA[okmfet]]>
              </value>
            </param>
            <param index="1">
              <value>
                <![CDATA[533]]>
              </value>
            </param>
          </params>
          <reporter-output>
          </reporter-output>
        </test-method> <!-- addBook -->
        <test-method signature="deleteBook(java.lang.String,java.lang.String)[pri:0, instance:API_First_Maven_Project.API_First_Maven_Project.DynamicJson@6dc17b83]" started-at="2023-10-02T22:57:05 IST" name="deleteBook" data-provider="BooksData" finished-at="2023-10-02T22:57:05 IST" duration-ms="153" status="PASS">
          <params>
            <param index="0">
              <value>
                <![CDATA[ojfwty]]>
              </value>
            </param>
            <param index="1">
              <value>
                <![CDATA[9363]]>
              </value>
            </param>
          </params>
          <reporter-output>
          </reporter-output>
        </test-method> <!-- deleteBook -->
        <test-method signature="deleteBook(java.lang.String,java.lang.String)[pri:0, instance:API_First_Maven_Project.API_First_Maven_Project.DynamicJson@6dc17b83]" started-at="2023-10-02T22:57:05 IST" name="deleteBook" data-provider="BooksData" finished-at="2023-10-02T22:57:05 IST" duration-ms="133" status="PASS">
          <params>
            <param index="0">
              <value>
                <![CDATA[cwetee]]>
              </value>
            </param>
            <param index="1">
              <value>
                <![CDATA[4253]]>
              </value>
            </param>
          </params>
          <reporter-output>
          </reporter-output>
        </test-method> <!-- deleteBook -->
        <test-method signature="deleteBook(java.lang.String,java.lang.String)[pri:0, instance:API_First_Maven_Project.API_First_Maven_Project.DynamicJson@6dc17b83]" started-at="2023-10-02T22:57:05 IST" name="deleteBook" data-provider="BooksData" finished-at="2023-10-02T22:57:05 IST" duration-ms="111" status="PASS">
          <params>
            <param index="0">
              <value>
                <![CDATA[okmfet]]>
              </value>
            </param>
            <param index="1">
              <value>
                <![CDATA[533]]>
              </value>
            </param>
          </params>
          <reporter-output>
          </reporter-output>
        </test-method> <!-- deleteBook -->
      </class> <!-- API_First_Maven_Project.API_First_Maven_Project.DynamicJson -->
      <class name="API_First_Maven_Project.API_First_Maven_Project.SumValidations">
        <test-method signature="sumOfCourse()[pri:0, instance:API_First_Maven_Project.API_First_Maven_Project.SumValidations@441772e]" started-at="2023-10-02T22:56:59 IST" name="sumOfCourse" finished-at="2023-10-02T22:57:03 IST" duration-ms="3441" status="PASS">
          <reporter-output>
          </reporter-output>
        </test-method> <!-- sumOfCourse -->
      </class> <!-- API_First_Maven_Project.API_First_Maven_Project.SumValidations -->
    </test> <!-- Test -->
  </suite> <!-- Suite -->
</testng-results>
