<?xml version="1.0" encoding="UTF-8"?>
<testsuite xmlns:xsi="http://www.w3.org/2001/XMLSchema-instance" xsi:noNamespaceSchemaLocation="https://maven.apache.org/surefire/maven-surefire-plugin/xsd/surefire-test-report-3.0.xsd" version="3.0" name="TestSuite" time="8.114" tests="7" errors="0" skipped="0" failures="0">
  <properties>
[...]
</properties>
  <testcase name="sumOfCourse" classname="API_First_Maven_Project.API_First_Maven_Project.SumValidations" time="3.438">
    <system-out><![CDATA[300
300
160
460
450
910
600
1510
]]></system-out>
    <system-err><![CDATA[log4j:WARN No appenders could be found for logger (org.testng.TestNG).
log4j:WARN Please initialize the log4j system properly.
log4j:WARN See http://logging.apache.org/log4j/1.2/faq.html#noconfig for more info.
]]></system-err>
  </testcase>
  <testcase name="addBook[ojfwty, 9363](1)" classname="API_First_Maven_Project.API_First_Maven_Project.DynamicJson" time="1.862">
    <system-out><![CDATA[{"Msg":"Book Already Exists","ID":"ojfwty9363"}
ojfwty9363
]]></system-out>
  </testcase>
  <testcase name="addBook[cwetee, 4253](2)" classname="API_First_Maven_Project.API_First_Maven_Project.DynamicJson" time="0.186">
    <system-out><![CDATA[{"Msg":"Book Already Exists","ID":"cwetee4253"}
cwetee4253
]]></system-out>
  </testcase>
  <testcase name="addBook[okmfet, 533](3)" classname="API_First_Maven_Project.API_First_Maven_Project.DynamicJson" time="0.187">
    <system-out><![CDATA[{"Msg":"Book Already Exists","ID":"okmfet533"}
okmfet533
]]></system-out>
  </testcase>
  <testcase name="deleteBook[ojfwty, 9363](1)" classname="API_First_Maven_Project.API_First_Maven_Project.DynamicJson" time="0.188">
    <system-out><![CDATA[The response code is - 404 for {
"name":"Learn Appium Automation with Java",
"isbn":"ojfwty",
"aisle":"9363",
"author":"John foe"
}
]]></system-out>
  </testcase>
  <testcase name="deleteBook[cwetee, 4253](2)" classname="API_First_Maven_Project.API_First_Maven_Project.DynamicJson" time="0.099">
    <system-out><![CDATA[The response code is - 404 for {
"name":"Learn Appium Automation with Java",
"isbn":"cwetee",
"aisle":"4253",
"author":"John foe"
}
]]></system-out>
  </testcase>
  <testcase name="deleteBook[okmfet, 533](3)" classname="API_First_Maven_Project.API_First_Maven_Project.DynamicJson" time="0.109">
    <system-out><![CDATA[The response code is - 404 for {
"name":"Learn Appium Automation with Java",
"isbn":"okmfet",
"aisle":"533",
"author":"John foe"
}
]]></system-out>
  </testcase>
</testsuite>