<?xml version="1.0" encoding="UTF-8"?>
<!-- Generated by org.testng.reporters.JUnitXMLReporter -->
<testsuite ignored="0" hostname="DESKTOP-NCKGJI9" failures="0" tests="7" name="Test" time="5.463" errors="0" timestamp="2023-10-02T22:54:16 IST">
  <testcase classname="API_First_Maven_Project.API_First_Maven_Project.SumValidations" name="sumOfCourse" time="2.752"/>
  <testcase classname="API_First_Maven_Project.API_First_Maven_Project.DynamicJson" name="addBook" time="1.747"/>
  <testcase classname="API_First_Maven_Project.API_First_Maven_Project.DynamicJson" name="addBook" time="0.221"/>
  <testcase classname="API_First_Maven_Project.API_First_Maven_Project.DynamicJson" name="addBook" time="0.205"/>
  <testcase classname="API_First_Maven_Project.API_First_Maven_Project.DynamicJson" name="deleteBook" time="0.146"/>
  <testcase classname="API_First_Maven_Project.API_First_Maven_Project.DynamicJson" name="deleteBook" time="0.128"/>
  <testcase classname="API_First_Maven_Project.API_First_Maven_Project.DynamicJson" name="deleteBook" time="0.123"/>
</testsuite> <!-- Test -->
