<?xml version="1.0" encoding="UTF-8"?>
<testng-results ignored="0" total="7" passed="7" failed="0" skipped="0">
  <reporter-output>
  </reporter-output>
  <suite started-at="2023-10-02T22:54:11 IST" name="Suite" finished-at="2023-10-02T22:54:16 IST" duration-ms="5463">
    <groups>
    </groups>
    <test started-at="2023-10-02T22:54:11 IST" name="Test" finished-at="2023-10-02T22:54:16 IST" duration-ms="5463">
      <class name="API_First_Maven_Project.API_First_Maven_Project.DynamicJson">
        <test-method signature="addBook(java.lang.String,java.lang.String)[pri:0, instance:API_First_Maven_Project.API_First_Maven_Project.DynamicJson@5c6648b0]" started-at="2023-10-02T22:54:14 IST" name="addBook" data-provider="BooksData" finished-at="2023-10-02T22:54:16 IST" duration-ms="1747" status="PASS">
          <params>
            <param index="0">
              <value>
                <![CDATA[ojfwty]]>
              </value>
            </param>
            <param index="1">
              <value>
                <![CDATA[9363]]>
              </value>
            </param>
          </params>
          <reporter-output>
          </reporter-output>
        </test-method> <!-- addBook -->
        <test-method signature="addBook(java.lang.String,java.lang.String)[pri:0, instance:API_First_Maven_Project.API_First_Maven_Project.DynamicJson@5c6648b0]" started-at="2023-10-02T22:54:16 IST" name="addBook" data-provider="BooksData" finished-at="2023-10-02T22:54:16 IST" duration-ms="221" status="PASS">
          <params>
            <param index="0">
              <value>
                <![CDATA[cwetee]]>
              </value>
            </param>
            <param index="1">
              <value>
                <![CDATA[4253]]>
              </value>
            </param>
          </params>
          <reporter-output>
          </reporter-output>
        </test-method> <!-- addBook -->
        <test-method signature="addBook(java.lang.String,java.lang.String)[pri:0, instance:API_First_Maven_Project.API_First_Maven_Project.DynamicJson@5c6648b0]" started-at="2023-10-02T22:54:16 IST" name="addBook" data-provider="BooksData" finished-at="2023-10-02T22:54:16 IST" duration-ms="205" status="PASS">
          <params>
            <param index="0">
              <value>
                <![CDATA[okmfet]]>
              </value>
            </param>
            <param index="1">
              <value>
                <![CDATA[533]]>
              </value>
            </param>
          </params>
          <reporter-output>
          </reporter-output>
        </test-method> <!-- addBook -->
        <test-method signature="deleteBook(java.lang.String,java.lang.String)[pri:0, instance:API_First_Maven_Project.API_First_Maven_Project.DynamicJson@5c6648b0]" started-at="2023-10-02T22:54:16 IST" name="deleteBook" data-provider="BooksData" finished-at="2023-10-02T22:54:16 IST" duration-ms="146" status="PASS">
          <params>
            <param index="0">
              <value>
                <![CDATA[ojfwty]]>
              </value>
            </param>
            <param index="1">
              <value>
                <![CDATA[9363]]>
              </value>
            </param>
          </params>
          <reporter-output>
          </reporter-output>
        </test-method> <!-- deleteBook -->
        <test-method signature="deleteBook(java.lang.String,java.lang.String)[pri:0, instance:API_First_Maven_Project.API_First_Maven_Project.DynamicJson@5c6648b0]" started-at="2023-10-02T22:54:16 IST" name="deleteBook" data-provider="BooksData" finished-at="2023-10-02T22:54:16 IST" duration-ms="128" status="PASS">
          <params>
            <param index="0">
              <value>
                <![CDATA[cwetee]]>
              </value>
            </param>
            <param index="1">
              <value>
                <![CDATA[4253]]>
              </value>
            </param>
          </params>
          <reporter-output>
          </reporter-output>
        </test-method> <!-- deleteBook -->
        <test-method signature="deleteBook(java.lang.String,java.lang.String)[pri:0, instance:API_First_Maven_Project.API_First_Maven_Project.DynamicJson@5c6648b0]" started-at="2023-10-02T22:54:16 IST" name="deleteBook" data-provider="BooksData" finished-at="2023-10-02T22:54:16 IST" duration-ms="123" status="PASS">
          <params>
            <param index="0">
              <value>
                <![CDATA[okmfet]]>
              </value>
            </param>
            <param index="1">
              <value>
                <![CDATA[533]]>
              </value>
            </param>
          </params>
          <reporter-output>
          </reporter-output>
        </test-method> <!-- deleteBook -->
      </class> <!-- API_First_Maven_Project.API_First_Maven_Project.DynamicJson -->
      <class name="API_First_Maven_Project.API_First_Maven_Project.SumValidations">
        <test-method signature="sumOfCourse()[pri:0, instance:API_First_Maven_Project.API_First_Maven_Project.SumValidations@4c371370]" started-at="2023-10-02T22:54:11 IST" name="sumOfCourse" finished-at="2023-10-02T22:54:14 IST" duration-ms="2752" status="PASS">
          <reporter-output>
          </reporter-output>
        </test-method> <!-- sumOfCourse -->
      </class> <!-- API_First_Maven_Project.API_First_Maven_Project.SumValidations -->
    </test> <!-- Test -->
  </suite> <!-- Suite -->
</testng-results>
