<?xml version="1.0" encoding="UTF-8"?>
<!-- Generated by org.testng.reporters.JUnitXMLReporter -->
<testsuite ignored="0" hostname="DESKTOP-NCKGJI9" failures="0" tests="7" name="Test" time="6.181" errors="0" timestamp="2023-10-02T22:57:05 IST">
  <testcase classname="API_First_Maven_Project.API_First_Maven_Project.SumValidations" name="sumOfCourse" time="3.441"/>
  <testcase classname="API_First_Maven_Project.API_First_Maven_Project.DynamicJson" name="addBook" time="1.862"/>
  <testcase classname="API_First_Maven_Project.API_First_Maven_Project.DynamicJson" name="addBook" time="0.182"/>
  <testcase classname="API_First_Maven_Project.API_First_Maven_Project.DynamicJson" name="addBook" time="0.19"/>
  <testcase classname="API_First_Maven_Project.API_First_Maven_Project.DynamicJson" name="deleteBook" time="0.153"/>
  <testcase classname="API_First_Maven_Project.API_First_Maven_Project.DynamicJson" name="deleteBook" time="0.133"/>
  <testcase classname="API_First_Maven_Project.API_First_Maven_Project.DynamicJson" name="deleteBook" time="0.111"/>
</testsuite> <!-- Test -->
